19:56:34.503 [main] INFO br.inpe.cmc202.simulation.SimulationController  - **********************************
19:56:34.508 [main] INFO br.inpe.cmc202.simulation.SimulationController  - Satellite Simulation 
19:56:34.508 [main] INFO br.inpe.cmc202.simulation.SimulationController  - **********************************
19:56:34.508 [main] INFO br.inpe.cmc202.simulation.SimulationController  - Loading configuration...
19:56:34.509 [main] INFO br.inpe.cmc202.simulation.SimulationController  - Reading "simulationcontroller.properties"...
19:56:34.517 [main] INFO br.inpe.cmc202.simulation.SimulationController  - Reading "amazonia1.properties"...
19:56:34.520 [main] INFO br.inpe.cmc202.simulation.SimulationController  - Configuration loaded.
19:56:34.522 [main] INFO br.inpe.cmc202.simulation.SimulationController  - Configuring simulation...
19:56:34.785 [main] INFO br.inpe.cmc202.simulation.SimulationController  - Orbit: keplerian parameters: {a: 7130092.0; e: 0.001111; i: 98.405; pa: 98.405; raan: 227.088; v: 304.8956296758786;}
19:56:34.786 [main] INFO br.inpe.cmc202.simulation.SimulationController  - MeanMotion: 0.001048639438789967 radians/s
19:56:34.786 [main] INFO br.inpe.cmc202.simulation.SimulationController  - Period: 5991.749952137793 s
19:56:34.786 [main] INFO br.inpe.cmc202.simulation.SimulationController  - Simulation Time: 3600.0 s (60.08261407363232 % of the orbit period)
19:56:34.788 [main] INFO br.inpe.cmc202.simulation.SimulationController  - Start Time: 2017-06-01T00:00:00.000 
19:56:34.788 [main] INFO br.inpe.cmc202.simulation.SimulationController  - End Time: 2017-06-01T01:00:00.000 
19:56:34.788 [main] INFO br.inpe.cmc202.simulation.SimulationController  - Fixed simulation step: 0.05 s
19:56:34.792 [main] INFO br.inpe.cmc202.simulation.SimulationController  - Satellite Configuration: Satellite [
 setOfMagnetorquer=null,
 setOfReactionWheels=br.inpe.cmc202.satellite.actuators.SetOfReactionWheels@61fe30,
 controller=ProportionalNonLinearQuaternionFullSDREHInfinityController [kinematicsDefinition=GIBBS, Q_sqrt=Array2DRowRealMatrix{{1.0,0.0,0.0,0.0,0.0,0.0,0.0},{0.0,1.0,0.0,0.0,0.0,0.0,0.0},{0.0,0.0,1.0,0.0,0.0,0.0,0.0},{0.0,0.0,0.0,1.0,0.0,0.0,0.0},{0.0,0.0,0.0,0.0,1.0,0.0,0.0},{0.0,0.0,0.0,0.0,0.0,1.0,0.0},{0.0,0.0,0.0,0.0,0.0,0.0,1.0}}],
 setOfMagnetorquerController=null,
 angularVelocityReference_body={0; 0; 0},
 sunReference_body={1; 0; 0},
 externalTorquesMagnitude=0.0,
 alpha1=0.0,
 modeUsingAttitude=true,
 reactionWheelControllerName=ProportionalNonLinearQuaternionFullSDREHInfinityController
, reactionWheelHardNonlinearities=true]
19:56:34.793 [main] INFO br.inpe.cmc202.simulation.SimulationController  - Initial Attitude - Euler Angles: X 0.0 Y -0.0 Z 0.0 
19:56:34.793 [main] INFO br.inpe.cmc202.simulation.SimulationController  - Initial Attitude - Quaternions: Q1 0.0 Q2 0.0 Q3 0.0 Q4 1.0 
19:56:34.793 [main] INFO br.inpe.cmc202.simulation.SimulationController  - Initial Attitude - Velocity (rad/s): X 0.0 Y 0.0556 Z 0.0
19:56:34.794 [main] INFO br.inpe.cmc202.simulation.SimulationController  - Initial Attitude - Acceleration (rad/s^2): X 0.0 Y 0.0 Z 0.0
19:56:34.794 [main] INFO br.inpe.cmc202.simulation.SimulationController  - Simulation configured.
19:56:34.813 [main] INFO br.inpe.cmc202.satellite.Satellite  - Target quaternion defined - - Q1 0.0 Q2 -0.23138580589915403 Q3 0.5337627277163104 Q4 0.8133621329575424  
19:56:34.877 [main] INFO br.inpe.cmc202.simulation.StepHandler  - Running the simulation...
20:09:33.652 [main] INFO br.inpe.cmc202.simulation.StepHandler 2017-06-01T00:59:59.950 - 
20:09:33.658 [main] INFO br.inpe.cmc202.simulation.StepHandler 2017-06-01T00:59:59.950 - Simulation ran in 778 s.
20:09:33.659 [main] INFO br.inpe.cmc202.simulation.StepHandler 2017-06-01T00:59:59.950 - Ploting data...
20:09:36.408 [main] INFO br.inpe.cmc202.simulation.plotter.Plotter 2017-06-01T00:59:59.950 - Saving file for id 103 name "target/1031. true anomaly - ECI.png"...
20:09:40.797 [main] INFO br.inpe.cmc202.simulation.plotter.Plotter 2017-06-01T00:59:59.950 - Saving file for id 103 name "target/1032. angular velocity - Body ECI, ECI (ProportionalNonLinearQuaternionFullSDREHInfinityController).png"...
20:09:45.176 [main] INFO br.inpe.cmc202.simulation.plotter.Plotter 2017-06-01T00:59:59.950 - Saving file for id 103 name "target/1033. solar vector - BODY (ProportionalNonLinearQuaternionFullSDREHInfinityController).png"...
20:09:49.435 [main] INFO br.inpe.cmc202.simulation.plotter.Plotter 2017-06-01T00:59:59.950 - Saving file for id 103 name "target/1034. error solar vector - BODY (ProportionalNonLinearQuaternionFullSDREHInfinityController).png"...
20:09:53.673 [main] INFO br.inpe.cmc202.simulation.plotter.Plotter 2017-06-01T00:59:59.950 - Saving file for id 103 name "target/1035. reaction wheel torque - BODY (ProportionalNonLinearQuaternionFullSDREHInfinityController).png"...
20:09:57.968 [main] INFO br.inpe.cmc202.simulation.plotter.Plotter 2017-06-01T00:59:59.950 - Saving file for id 103 name "target/1036. reaction wheel anguar velocity - BODY (ProportionalNonLinearQuaternionFullSDREHInfinityController).png"...
20:10:02.164 [main] INFO br.inpe.cmc202.simulation.plotter.Plotter 2017-06-01T00:59:59.950 - Saving file for id 103 name "target/1037. reaction wheel norm angular momentum - BODY (ProportionalNonLinearQuaternionFullSDREHInfinityController).png"...
20:10:06.333 [main] INFO br.inpe.cmc202.simulation.plotter.Plotter 2017-06-01T00:59:59.950 - Saving file for id 103 name "target/1038. magnetic Vector - BODY.png"...
20:10:10.558 [main] INFO br.inpe.cmc202.simulation.plotter.Plotter 2017-06-01T00:59:59.950 - Saving file for id 103 name "target/1039. normMagneticVector -  BODY.png"...
20:10:14.754 [main] INFO br.inpe.cmc202.simulation.plotter.Plotter 2017-06-01T00:59:59.950 - Saving file for id 103 name "target/10312. euler angles - ECI.png"...
20:10:18.981 [main] INFO br.inpe.cmc202.simulation.plotter.Plotter 2017-06-01T00:59:59.950 - Saving file for id 103 name "target/10313. euler angles - ECEF.png"...
20:10:23.223 [main] INFO br.inpe.cmc202.simulation.plotter.Plotter 2017-06-01T00:59:59.950 - Saving file for id 103 name "target/10314. position - ECI.png"...
20:10:27.518 [main] INFO br.inpe.cmc202.simulation.plotter.Plotter 2017-06-01T00:59:59.950 - Saving file for id 103 name "target/10315. position - ECEF.png"...
20:10:31.860 [main] INFO br.inpe.cmc202.simulation.plotter.Plotter 2017-06-01T00:59:59.950 - Saving file for id 103 name "target/10316. position - LLALongitudeLatitude.png"...
20:10:36.159 [main] INFO br.inpe.cmc202.simulation.plotter.Plotter 2017-06-01T00:59:59.950 - Saving file for id 103 name "target/10316. position - LLAAltitude.png"...
20:10:40.333 [main] INFO br.inpe.cmc202.simulation.plotter.Plotter 2017-06-01T00:59:59.950 - Saving file for id 103 name "target/10317. rotational part of kinetic energy - BODY.png"...
20:10:44.539 [main] INFO br.inpe.cmc202.simulation.plotter.Plotter 2017-06-01T00:59:59.950 - Saving file for id 103 name "target/10318. quaternion (ProportionalNonLinearQuaternionFullSDREHInfinityController).png"...
20:10:48.776 [main] INFO br.inpe.cmc202.simulation.plotter.Plotter 2017-06-01T00:59:59.950 - Saving file for id 103 name "target/10319. quaternion error (ProportionalNonLinearQuaternionFullSDREHInfinityController).png"...
20:10:52.992 [main] INFO br.inpe.cmc202.simulation.plotter.Plotter 2017-06-01T00:59:59.950 - Saving file for id 103 name "target/10320. sun pointing error - BODY (ProportionalNonLinearQuaternionFullSDREHInfinityController).png"...
20:10:57.167 [main] INFO br.inpe.cmc202.simulation.plotter.Plotter 2017-06-01T00:59:59.950 - Saving file for id 103 name "target/10321. determinant of controllability (ProportionalNonLinearQuaternionFullSDREHInfinityController).png"...
20:11:01.353 [main] INFO br.inpe.cmc202.simulation.plotter.Plotter 2017-06-01T00:59:59.950 - Saving file for id 103 name "target/10322. state space quaternion - BODY.png"...
20:11:05.633 [main] INFO br.inpe.cmc202.simulation.plotter.Plotter 2017-06-01T00:59:59.950 - Saving file for id 103 name "target/10323. state space velocity - BODY.png"...
20:11:09.875 [main] INFO br.inpe.cmc202.simulation.plotter.Plotter 2017-06-01T00:59:59.950 - Saving file for id 103 name "target/10324. condition number of controllability (ProportionalNonLinearQuaternionFullSDREHInfinityController).png"...
20:11:14.095 [main] INFO br.inpe.cmc202.simulation.plotter.Plotter 2017-06-01T00:59:59.950 - Saving file for id 103 name "target/10325. gamma (ProportionalNonLinearQuaternionFullSDREHInfinityController).png"...
20:11:18.324 [main] INFO br.inpe.cmc202.simulation.plotter.Plotter 2017-06-01T00:59:59.950 - Saving file for id 103 name "target/10326. external Torque.png"...
20:11:32.568 [main] INFO br.inpe.cmc202.simulation.StepHandler 2017-06-01T00:59:59.950 - Starting satellite attitude visualizer...
20:11:32.640 [main] ERROR br.inpe.cmc202.simulation.StepHandler 2017-06-01T00:59:59.950 - It is not possible to start the satellite visualizer without Java 3D. Message: 
20:11:32.641 [main] INFO br.inpe.cmc202.simulation.StepHandler 2017-06-01T00:59:59.950 - Possible solutions: 
 
1. Download Java 3D library 1.3.1 or latter http://www.oracle.com/technetwork/java/javasebusiness/downloads/java-archive-downloads-java-client-419417.html#java3d-1.5.1-oth-JPR
2. Merge bin and lib directories http://stackoverflow.com/questions/7966067/java-howto-resolve-java-lang-unsatisfiedlinkerror-no-j3d-in-java-library-pathno J3D in java.library.path: /Users/alessandro.g.romero/Library/Java/Extensions:/Library/Java/Extensions:/Network/Library/Java/Extensions:/System/Library/Java/Extensions:/usr/lib/java:.
