19:42:18.535 [main] INFO br.inpe.cmc202.simulation.SimulationController  - **********************************
19:42:18.540 [main] INFO br.inpe.cmc202.simulation.SimulationController  - Satellite Simulation 
19:42:18.540 [main] INFO br.inpe.cmc202.simulation.SimulationController  - **********************************
19:42:18.540 [main] INFO br.inpe.cmc202.simulation.SimulationController  - Loading configuration...
19:42:18.540 [main] INFO br.inpe.cmc202.simulation.SimulationController  - Reading "simulationcontroller.properties"...
19:42:18.545 [main] INFO br.inpe.cmc202.simulation.SimulationController  - Reading "amazonia1.properties"...
19:42:18.550 [main] INFO br.inpe.cmc202.simulation.SimulationController  - Configuration loaded.
19:42:18.552 [main] INFO br.inpe.cmc202.simulation.SimulationController  - Configuring simulation...
19:42:19.316 [main] INFO br.inpe.cmc202.simulation.SimulationController  - Orbit: keplerian parameters: {a: 7130092.0; e: 0.001111; i: 98.405; pa: 98.405; raan: 227.088; v: 304.8956296758786;}
19:42:19.317 [main] INFO br.inpe.cmc202.simulation.SimulationController  - MeanMotion: 0.001048639438789967 radians/s
19:42:19.317 [main] INFO br.inpe.cmc202.simulation.SimulationController  - Period: 5991.749952137793 s
19:42:19.317 [main] INFO br.inpe.cmc202.simulation.SimulationController  - Simulation Time: 3600.0 s (60.08261407363232 % of the orbit period)
19:42:19.318 [main] INFO br.inpe.cmc202.simulation.SimulationController  - Start Time: 2017-06-01T00:00:00.000 
19:42:19.319 [main] INFO br.inpe.cmc202.simulation.SimulationController  - End Time: 2017-06-01T01:00:00.000 
19:42:19.319 [main] INFO br.inpe.cmc202.simulation.SimulationController  - Fixed simulation step: 0.05 s
19:42:19.327 [main] INFO br.inpe.cmc202.simulation.SimulationController  - Satellite Configuration: Satellite [
 setOfMagnetorquer=null,
 setOfReactionWheels=br.inpe.cmc202.satellite.actuators.SetOfReactionWheels@38089a5a,
 controller=br.inpe.cmc202.satellite.controllers.lqr.ProportionalLinearQuaternionPartialLQRController@30e868be,
 setOfMagnetorquerController=null,
 angularVelocityReference_body={0; 0; 0},
 sunReference_body={1; 0; 0},
 externalTorquesMagnitude=0.0,
 alpha1=0.0,
 modeUsingAttitude=true,
 reactionWheelControllerName=ProportionalLinearQuaternionPartialLQRController
, reactionWheelHardNonlinearities=true]
19:42:19.328 [main] INFO br.inpe.cmc202.simulation.SimulationController  - Initial Attitude - Euler Angles: X 0.0 Y -0.0 Z 0.0 
19:42:19.328 [main] INFO br.inpe.cmc202.simulation.SimulationController  - Initial Attitude - Quaternions: Q1 0.0 Q2 0.0 Q3 0.0 Q4 1.0 
19:42:19.328 [main] INFO br.inpe.cmc202.simulation.SimulationController  - Initial Attitude - Velocity (rad/s): X 0.0 Y 0.0556 Z 0.0
19:42:19.328 [main] INFO br.inpe.cmc202.simulation.SimulationController  - Initial Attitude - Acceleration (rad/s^2): X 0.0 Y 0.0 Z 0.0
19:42:19.328 [main] INFO br.inpe.cmc202.simulation.SimulationController  - Simulation configured.
19:42:19.365 [main] INFO br.inpe.cmc202.satellite.Satellite  - Target quaternion defined - - Q1 0.0 Q2 -0.23138580589915403 Q3 0.5337627277163104 Q4 0.8133621329575424  
19:42:19.431 [main] INFO br.inpe.cmc202.simulation.StepHandler  - Running the simulation...
19:42:31.707 [main] INFO br.inpe.cmc202.simulation.StepHandler 2017-06-01T00:59:59.950 - 
19:42:31.707 [main] INFO br.inpe.cmc202.simulation.StepHandler 2017-06-01T00:59:59.950 - Simulation ran in 12 s.
19:42:31.707 [main] INFO br.inpe.cmc202.simulation.StepHandler 2017-06-01T00:59:59.950 - Ploting data...
19:42:33.997 [main] INFO br.inpe.cmc202.simulation.plotter.Plotter 2017-06-01T00:59:59.950 - Saving file for id 657 name "target/6571. true anomaly - ECI.png"...
19:42:38.383 [main] INFO br.inpe.cmc202.simulation.plotter.Plotter 2017-06-01T00:59:59.950 - Saving file for id 657 name "target/6572. angular velocity - Body ECI, ECI (ProportionalLinearQuaternionPartialLQRController).png"...
19:42:42.683 [main] INFO br.inpe.cmc202.simulation.plotter.Plotter 2017-06-01T00:59:59.950 - Saving file for id 657 name "target/6573. solar vector - BODY (ProportionalLinearQuaternionPartialLQRController).png"...
19:42:46.909 [main] INFO br.inpe.cmc202.simulation.plotter.Plotter 2017-06-01T00:59:59.950 - Saving file for id 657 name "target/6574. error solar vector - BODY (ProportionalLinearQuaternionPartialLQRController).png"...
19:42:51.125 [main] INFO br.inpe.cmc202.simulation.plotter.Plotter 2017-06-01T00:59:59.950 - Saving file for id 657 name "target/6575. reaction wheel torque - BODY (ProportionalLinearQuaternionPartialLQRController).png"...
19:42:55.341 [main] INFO br.inpe.cmc202.simulation.plotter.Plotter 2017-06-01T00:59:59.950 - Saving file for id 657 name "target/6576. reaction wheel anguar velocity - BODY (ProportionalLinearQuaternionPartialLQRController).png"...
19:42:59.538 [main] INFO br.inpe.cmc202.simulation.plotter.Plotter 2017-06-01T00:59:59.950 - Saving file for id 657 name "target/6577. reaction wheel norm angular momentum - BODY (ProportionalLinearQuaternionPartialLQRController).png"...
19:43:03.710 [main] INFO br.inpe.cmc202.simulation.plotter.Plotter 2017-06-01T00:59:59.950 - Saving file for id 657 name "target/6578. magnetic Vector - BODY.png"...
19:43:07.919 [main] INFO br.inpe.cmc202.simulation.plotter.Plotter 2017-06-01T00:59:59.950 - Saving file for id 657 name "target/6579. normMagneticVector -  BODY.png"...
19:43:12.084 [main] INFO br.inpe.cmc202.simulation.plotter.Plotter 2017-06-01T00:59:59.950 - Saving file for id 657 name "target/65712. euler angles - ECI.png"...
19:43:16.278 [main] INFO br.inpe.cmc202.simulation.plotter.Plotter 2017-06-01T00:59:59.950 - Saving file for id 657 name "target/65713. euler angles - ECEF.png"...
19:43:20.512 [main] INFO br.inpe.cmc202.simulation.plotter.Plotter 2017-06-01T00:59:59.950 - Saving file for id 657 name "target/65714. position - ECI.png"...
19:43:24.777 [main] INFO br.inpe.cmc202.simulation.plotter.Plotter 2017-06-01T00:59:59.950 - Saving file for id 657 name "target/65715. position - ECEF.png"...
19:43:29.078 [main] INFO br.inpe.cmc202.simulation.plotter.Plotter 2017-06-01T00:59:59.950 - Saving file for id 657 name "target/65716. position - LLALongitudeLatitude.png"...
19:43:33.418 [main] INFO br.inpe.cmc202.simulation.plotter.Plotter 2017-06-01T00:59:59.950 - Saving file for id 657 name "target/65716. position - LLAAltitude.png"...
19:43:37.652 [main] INFO br.inpe.cmc202.simulation.plotter.Plotter 2017-06-01T00:59:59.950 - Saving file for id 657 name "target/65717. rotational part of kinetic energy - BODY.png"...
19:43:41.942 [main] INFO br.inpe.cmc202.simulation.plotter.Plotter 2017-06-01T00:59:59.950 - Saving file for id 657 name "target/65718. quaternion (ProportionalLinearQuaternionPartialLQRController).png"...
19:43:46.151 [main] INFO br.inpe.cmc202.simulation.plotter.Plotter 2017-06-01T00:59:59.950 - Saving file for id 657 name "target/65719. quaternion error (ProportionalLinearQuaternionPartialLQRController).png"...
19:43:50.466 [main] INFO br.inpe.cmc202.simulation.plotter.Plotter 2017-06-01T00:59:59.950 - Saving file for id 657 name "target/65720. sun pointing error - BODY (ProportionalLinearQuaternionPartialLQRController).png"...
19:43:54.675 [main] INFO br.inpe.cmc202.simulation.plotter.Plotter 2017-06-01T00:59:59.950 - Saving file for id 657 name "target/65721. determinant of controllability (ProportionalLinearQuaternionPartialLQRController).png"...
19:43:58.890 [main] INFO br.inpe.cmc202.simulation.plotter.Plotter 2017-06-01T00:59:59.950 - Saving file for id 657 name "target/65722. state space quaternion - BODY.png"...
19:44:03.298 [main] INFO br.inpe.cmc202.simulation.plotter.Plotter 2017-06-01T00:59:59.950 - Saving file for id 657 name "target/65723. state space velocity - BODY.png"...
19:44:07.507 [main] INFO br.inpe.cmc202.simulation.plotter.Plotter 2017-06-01T00:59:59.950 - Saving file for id 657 name "target/65724. condition number of controllability (ProportionalLinearQuaternionPartialLQRController).png"...
19:44:11.688 [main] INFO br.inpe.cmc202.simulation.plotter.Plotter 2017-06-01T00:59:59.950 - Saving file for id 657 name "target/65725. gamma (ProportionalLinearQuaternionPartialLQRController).png"...
19:44:15.871 [main] INFO br.inpe.cmc202.simulation.plotter.Plotter 2017-06-01T00:59:59.950 - Saving file for id 657 name "target/65726. external Torque.png"...
19:44:30.040 [main] INFO br.inpe.cmc202.simulation.StepHandler 2017-06-01T00:59:59.950 - Starting satellite attitude visualizer...
19:44:30.112 [main] ERROR br.inpe.cmc202.simulation.StepHandler 2017-06-01T00:59:59.950 - It is not possible to start the satellite visualizer without Java 3D. Message: 
19:44:30.112 [main] INFO br.inpe.cmc202.simulation.StepHandler 2017-06-01T00:59:59.950 - Possible solutions: 
 
1. Download Java 3D library 1.3.1 or latter http://www.oracle.com/technetwork/java/javasebusiness/downloads/java-archive-downloads-java-client-419417.html#java3d-1.5.1-oth-JPR
2. Merge bin and lib directories http://stackoverflow.com/questions/7966067/java-howto-resolve-java-lang-unsatisfiedlinkerror-no-j3d-in-java-library-pathno J3D in java.library.path: /Users/alessandro.g.romero/Library/Java/Extensions:/Library/Java/Extensions:/Network/Library/Java/Extensions:/System/Library/Java/Extensions:/usr/lib/java:.
