19:48:10.645 [main] INFO br.inpe.cmc202.simulation.SimulationController  - **********************************
19:48:10.650 [main] INFO br.inpe.cmc202.simulation.SimulationController  - Satellite Simulation 
19:48:10.650 [main] INFO br.inpe.cmc202.simulation.SimulationController  - **********************************
19:48:10.650 [main] INFO br.inpe.cmc202.simulation.SimulationController  - Loading configuration...
19:48:10.650 [main] INFO br.inpe.cmc202.simulation.SimulationController  - Reading "simulationcontroller.properties"...
19:48:10.652 [main] INFO br.inpe.cmc202.simulation.SimulationController  - Reading "amazonia1.properties"...
19:48:10.655 [main] INFO br.inpe.cmc202.simulation.SimulationController  - Configuration loaded.
19:48:10.657 [main] INFO br.inpe.cmc202.simulation.SimulationController  - Configuring simulation...
19:48:10.932 [main] INFO br.inpe.cmc202.simulation.SimulationController  - Orbit: keplerian parameters: {a: 7130092.0; e: 0.001111; i: 98.405; pa: 98.405; raan: 227.088; v: 304.8956296758786;}
19:48:10.933 [main] INFO br.inpe.cmc202.simulation.SimulationController  - MeanMotion: 0.001048639438789967 radians/s
19:48:10.933 [main] INFO br.inpe.cmc202.simulation.SimulationController  - Period: 5991.749952137793 s
19:48:10.933 [main] INFO br.inpe.cmc202.simulation.SimulationController  - Simulation Time: 3600.0 s (60.08261407363232 % of the orbit period)
19:48:10.940 [main] INFO br.inpe.cmc202.simulation.SimulationController  - Start Time: 2017-06-01T00:00:00.000 
19:48:10.940 [main] INFO br.inpe.cmc202.simulation.SimulationController  - End Time: 2017-06-01T01:00:00.000 
19:48:10.940 [main] INFO br.inpe.cmc202.simulation.SimulationController  - Fixed simulation step: 0.05 s
19:48:10.945 [main] INFO br.inpe.cmc202.simulation.SimulationController  - Satellite Configuration: Satellite [
 setOfMagnetorquer=null,
 setOfReactionWheels=br.inpe.cmc202.satellite.actuators.SetOfReactionWheels@66c61024,
 controller=ProportionalNonLinearQuaternionSDREController [kinematicsDefinition=GIBBS, Q_sqrt=Array2DRowRealMatrix{{1.0,0.0,0.0,0.0,0.0,0.0,0.0},{0.0,1.0,0.0,0.0,0.0,0.0,0.0},{0.0,0.0,1.0,0.0,0.0,0.0,0.0},{0.0,0.0,0.0,1.0,0.0,0.0,0.0},{0.0,0.0,0.0,0.0,1.0,0.0,0.0},{0.0,0.0,0.0,0.0,0.0,1.0,0.0},{0.0,0.0,0.0,0.0,0.0,0.0,1.0}}],
 setOfMagnetorquerController=null,
 angularVelocityReference_body={0; 0; 0},
 sunReference_body={1; 0; 0},
 externalTorquesMagnitude=0.0,
 alpha1=0.0,
 modeUsingAttitude=true,
 reactionWheelControllerName=ProportionalNonLinearQuaternionSDREController_GIBBS
, reactionWheelHardNonlinearities=true]
19:48:10.945 [main] INFO br.inpe.cmc202.simulation.SimulationController  - Initial Attitude - Euler Angles: X 0.0 Y -0.0 Z 0.0 
19:48:10.946 [main] INFO br.inpe.cmc202.simulation.SimulationController  - Initial Attitude - Quaternions: Q1 0.0 Q2 0.0 Q3 0.0 Q4 1.0 
19:48:10.946 [main] INFO br.inpe.cmc202.simulation.SimulationController  - Initial Attitude - Velocity (rad/s): X 0.0 Y 0.0556 Z 0.0
19:48:10.946 [main] INFO br.inpe.cmc202.simulation.SimulationController  - Initial Attitude - Acceleration (rad/s^2): X 0.0 Y 0.0 Z 0.0
19:48:10.946 [main] INFO br.inpe.cmc202.simulation.SimulationController  - Simulation configured.
19:48:10.967 [main] INFO br.inpe.cmc202.satellite.Satellite  - Target quaternion defined - - Q1 0.0 Q2 -0.23138580589915403 Q3 0.5337627277163104 Q4 0.8133621329575424  
19:48:11.045 [main] INFO br.inpe.cmc202.simulation.StepHandler  - Running the simulation...
19:53:44.838 [main] INFO br.inpe.cmc202.simulation.StepHandler 2017-06-01T00:59:59.950 - 
19:53:44.840 [main] INFO br.inpe.cmc202.simulation.StepHandler 2017-06-01T00:59:59.950 - Simulation ran in 333 s.
19:53:44.841 [main] INFO br.inpe.cmc202.simulation.StepHandler 2017-06-01T00:59:59.950 - Ploting data...
19:53:47.303 [main] INFO br.inpe.cmc202.simulation.plotter.Plotter 2017-06-01T00:59:59.950 - Saving file for id 273 name "target/2731. true anomaly - ECI.png"...
19:53:51.722 [main] INFO br.inpe.cmc202.simulation.plotter.Plotter 2017-06-01T00:59:59.950 - Saving file for id 273 name "target/2732. angular velocity - Body ECI, ECI (ProportionalNonLinearQuaternionFullSDREController).png"...
19:53:56.024 [main] INFO br.inpe.cmc202.simulation.plotter.Plotter 2017-06-01T00:59:59.950 - Saving file for id 273 name "target/2733. solar vector - BODY (ProportionalNonLinearQuaternionFullSDREController).png"...
19:54:00.237 [main] INFO br.inpe.cmc202.simulation.plotter.Plotter 2017-06-01T00:59:59.950 - Saving file for id 273 name "target/2734. error solar vector - BODY (ProportionalNonLinearQuaternionFullSDREController).png"...
19:54:04.428 [main] INFO br.inpe.cmc202.simulation.plotter.Plotter 2017-06-01T00:59:59.950 - Saving file for id 273 name "target/2735. reaction wheel torque - BODY (ProportionalNonLinearQuaternionFullSDREController).png"...
19:54:08.631 [main] INFO br.inpe.cmc202.simulation.plotter.Plotter 2017-06-01T00:59:59.950 - Saving file for id 273 name "target/2736. reaction wheel anguar velocity - BODY (ProportionalNonLinearQuaternionFullSDREController).png"...
19:54:12.810 [main] INFO br.inpe.cmc202.simulation.plotter.Plotter 2017-06-01T00:59:59.950 - Saving file for id 273 name "target/2737. reaction wheel norm angular momentum - BODY (ProportionalNonLinearQuaternionFullSDREController).png"...
19:54:16.980 [main] INFO br.inpe.cmc202.simulation.plotter.Plotter 2017-06-01T00:59:59.950 - Saving file for id 273 name "target/2738. magnetic Vector - BODY.png"...
19:54:21.181 [main] INFO br.inpe.cmc202.simulation.plotter.Plotter 2017-06-01T00:59:59.950 - Saving file for id 273 name "target/2739. normMagneticVector -  BODY.png"...
19:54:25.358 [main] INFO br.inpe.cmc202.simulation.plotter.Plotter 2017-06-01T00:59:59.950 - Saving file for id 273 name "target/27312. euler angles - ECI.png"...
19:54:29.558 [main] INFO br.inpe.cmc202.simulation.plotter.Plotter 2017-06-01T00:59:59.950 - Saving file for id 273 name "target/27313. euler angles - ECEF.png"...
19:54:33.752 [main] INFO br.inpe.cmc202.simulation.plotter.Plotter 2017-06-01T00:59:59.950 - Saving file for id 273 name "target/27314. position - ECI.png"...
19:54:38.079 [main] INFO br.inpe.cmc202.simulation.plotter.Plotter 2017-06-01T00:59:59.950 - Saving file for id 273 name "target/27315. position - ECEF.png"...
19:54:42.296 [main] INFO br.inpe.cmc202.simulation.plotter.Plotter 2017-06-01T00:59:59.950 - Saving file for id 273 name "target/27316. position - LLALongitudeLatitude.png"...
19:54:46.465 [main] INFO br.inpe.cmc202.simulation.plotter.Plotter 2017-06-01T00:59:59.950 - Saving file for id 273 name "target/27316. position - LLAAltitude.png"...
19:54:50.647 [main] INFO br.inpe.cmc202.simulation.plotter.Plotter 2017-06-01T00:59:59.950 - Saving file for id 273 name "target/27317. rotational part of kinetic energy - BODY.png"...
19:54:54.810 [main] INFO br.inpe.cmc202.simulation.plotter.Plotter 2017-06-01T00:59:59.950 - Saving file for id 273 name "target/27318. quaternion (ProportionalNonLinearQuaternionFullSDREController).png"...
19:54:59.002 [main] INFO br.inpe.cmc202.simulation.plotter.Plotter 2017-06-01T00:59:59.950 - Saving file for id 273 name "target/27319. quaternion error (ProportionalNonLinearQuaternionFullSDREController).png"...
19:55:03.243 [main] INFO br.inpe.cmc202.simulation.plotter.Plotter 2017-06-01T00:59:59.950 - Saving file for id 273 name "target/27320. sun pointing error - BODY (ProportionalNonLinearQuaternionFullSDREController).png"...
19:55:07.426 [main] INFO br.inpe.cmc202.simulation.plotter.Plotter 2017-06-01T00:59:59.950 - Saving file for id 273 name "target/27321. determinant of controllability (ProportionalNonLinearQuaternionFullSDREController).png"...
19:55:11.620 [main] INFO br.inpe.cmc202.simulation.plotter.Plotter 2017-06-01T00:59:59.950 - Saving file for id 273 name "target/27322. state space quaternion - BODY.png"...
19:55:15.827 [main] INFO br.inpe.cmc202.simulation.plotter.Plotter 2017-06-01T00:59:59.950 - Saving file for id 273 name "target/27323. state space velocity - BODY.png"...
19:55:20.046 [main] INFO br.inpe.cmc202.simulation.plotter.Plotter 2017-06-01T00:59:59.950 - Saving file for id 273 name "target/27324. condition number of controllability (ProportionalNonLinearQuaternionFullSDREController).png"...
19:55:24.225 [main] INFO br.inpe.cmc202.simulation.plotter.Plotter 2017-06-01T00:59:59.950 - Saving file for id 273 name "target/27325. gamma (ProportionalNonLinearQuaternionFullSDREController).png"...
19:55:28.397 [main] INFO br.inpe.cmc202.simulation.plotter.Plotter 2017-06-01T00:59:59.950 - Saving file for id 273 name "target/27326. external Torque.png"...
19:55:42.563 [main] INFO br.inpe.cmc202.simulation.StepHandler 2017-06-01T00:59:59.950 - Starting satellite attitude visualizer...
19:55:42.607 [main] ERROR br.inpe.cmc202.simulation.StepHandler 2017-06-01T00:59:59.950 - It is not possible to start the satellite visualizer without Java 3D. Message: 
19:55:42.607 [main] INFO br.inpe.cmc202.simulation.StepHandler 2017-06-01T00:59:59.950 - Possible solutions: 
 
1. Download Java 3D library 1.3.1 or latter http://www.oracle.com/technetwork/java/javasebusiness/downloads/java-archive-downloads-java-client-419417.html#java3d-1.5.1-oth-JPR
2. Merge bin and lib directories http://stackoverflow.com/questions/7966067/java-howto-resolve-java-lang-unsatisfiedlinkerror-no-j3d-in-java-library-pathno J3D in java.library.path: /Users/alessandro.g.romero/Library/Java/Extensions:/Library/Java/Extensions:/Network/Library/Java/Extensions:/System/Library/Java/Extensions:/usr/lib/java:.
