09:49:16.111 [main] INFO br.inpe.cmc202.simulation.SimulationController  - **********************************
09:49:16.113 [main] INFO br.inpe.cmc202.simulation.SimulationController  - Satellite Simulation 
09:49:16.114 [main] INFO br.inpe.cmc202.simulation.SimulationController  - **********************************
09:49:16.114 [main] INFO br.inpe.cmc202.simulation.SimulationController  - Loading configuration...
09:49:16.114 [main] INFO br.inpe.cmc202.simulation.SimulationController  - Reading "simulationcontroller.properties"...
09:49:16.115 [main] INFO br.inpe.cmc202.simulation.SimulationController  - Reading "amazonia1.properties"...
09:49:16.118 [main] INFO br.inpe.cmc202.simulation.SimulationController  - Configuration loaded.
09:49:16.119 [main] INFO br.inpe.cmc202.simulation.SimulationController  - Configuring simulation...
09:49:16.272 [main] INFO br.inpe.cmc202.simulation.SimulationController  - Orbit: keplerian parameters: {a: 7130092.0; e: 0.001111; i: 98.405; pa: 98.405; raan: 227.088; v: 304.8956296758786;}
09:49:16.272 [main] INFO br.inpe.cmc202.simulation.SimulationController  - MeanMotion: 0.001048639438789967 radians/s
09:49:16.272 [main] INFO br.inpe.cmc202.simulation.SimulationController  - Period: 5991.749952137793 s
09:49:16.272 [main] INFO br.inpe.cmc202.simulation.SimulationController  - Simulation Time: 3600.0 s (60.08261407363232 % of the orbit period)
09:49:16.273 [main] INFO br.inpe.cmc202.simulation.SimulationController  - Start Time: 2017-06-01T00:00:00.000 
09:49:16.274 [main] INFO br.inpe.cmc202.simulation.SimulationController  - End Time: 2017-06-01T01:00:00.000 
09:49:16.274 [main] INFO br.inpe.cmc202.simulation.SimulationController  - Fixed simulation step: 0.05 s
09:49:16.277 [main] INFO br.inpe.cmc202.simulation.SimulationController  - Satellite Configuration: Satellite [
 setOfMagnetorquer=null,
 setOfReactionWheels=br.inpe.cmc202.satellite.actuators.SetOfReactionWheels@61fe30,
 controller=ProportionalNonLinearQuaternionFullSDREHInfinityController [kinematicsDefinition=GIBBS, Q_sqrt=Array2DRowRealMatrix{{1.0,0.0,0.0,0.0,0.0,0.0,0.0},{0.0,1.0,0.0,0.0,0.0,0.0,0.0},{0.0,0.0,1.0,0.0,0.0,0.0,0.0},{0.0,0.0,0.0,1.0,0.0,0.0,0.0},{0.0,0.0,0.0,0.0,1.0,0.0,0.0},{0.0,0.0,0.0,0.0,0.0,1.0,0.0},{0.0,0.0,0.0,0.0,0.0,0.0,1.0}}],
 setOfMagnetorquerController=null,
 angularVelocityReference_body={0; 0; 0},
 sunReference_body={1; 0; 0},
 externalTorquesMagnitude=0.0,
 alpha1=0.0,
 modeUsingAttitude=true,
 reactionWheelControllerName=ProportionalNonLinearQuaternionFullSDREHInfinityController
, reactionWheelHardNonlinearities=true]
09:49:16.278 [main] INFO br.inpe.cmc202.simulation.SimulationController  - Initial Attitude - Euler Angles: X 0.0 Y -0.0 Z 0.0 
09:49:16.278 [main] INFO br.inpe.cmc202.simulation.SimulationController  - Initial Attitude - Quaternions: Q1 0.0 Q2 0.0 Q3 0.0 Q4 1.0 
09:49:16.278 [main] INFO br.inpe.cmc202.simulation.SimulationController  - Initial Attitude - Velocity (rad/s): X 0.0 Y 0.0 Z 0.0385
09:49:16.278 [main] INFO br.inpe.cmc202.simulation.SimulationController  - Initial Attitude - Acceleration (rad/s^2): X 0.0 Y 0.0 Z 0.0
09:49:16.278 [main] INFO br.inpe.cmc202.simulation.SimulationController  - Simulation configured.
09:49:16.292 [main] INFO br.inpe.cmc202.satellite.Satellite  - Target quaternion defined - - Q1 0.0 Q2 -0.23138580589915403 Q3 0.5337627277163104 Q4 0.8133621329575424  
09:49:16.329 [main] INFO br.inpe.cmc202.simulation.StepHandler  - Running the simulation...
09:54:26.629 [main] INFO br.inpe.cmc202.simulation.StepHandler 2017-06-01T00:59:59.950 - 
09:54:26.635 [main] INFO br.inpe.cmc202.simulation.StepHandler 2017-06-01T00:59:59.950 - Simulation ran in 310 s.
09:54:26.636 [main] INFO br.inpe.cmc202.simulation.StepHandler 2017-06-01T00:59:59.950 - Ploting data...
09:54:29.108 [main] INFO br.inpe.cmc202.simulation.plotter.Plotter 2017-06-01T00:59:59.950 - Saving file for id 61 name "target/611. true anomaly - ECI.png"...
09:54:33.320 [main] INFO br.inpe.cmc202.simulation.plotter.Plotter 2017-06-01T00:59:59.950 - Saving file for id 61 name "target/612. angular velocity - Body ECI, ECI (ProportionalNonLinearQuaternionFullSDREHInfinityController).png"...
09:54:37.571 [main] INFO br.inpe.cmc202.simulation.plotter.Plotter 2017-06-01T00:59:59.950 - Saving file for id 61 name "target/613. solar vector - BODY (ProportionalNonLinearQuaternionFullSDREHInfinityController).png"...
09:54:41.729 [main] INFO br.inpe.cmc202.simulation.plotter.Plotter 2017-06-01T00:59:59.950 - Saving file for id 61 name "target/614. error solar vector - BODY (ProportionalNonLinearQuaternionFullSDREHInfinityController).png"...
09:54:45.917 [main] INFO br.inpe.cmc202.simulation.plotter.Plotter 2017-06-01T00:59:59.950 - Saving file for id 61 name "target/615. reaction wheel torque - BODY (ProportionalNonLinearQuaternionFullSDREHInfinityController).png"...
09:54:50.041 [main] INFO br.inpe.cmc202.simulation.plotter.Plotter 2017-06-01T00:59:59.950 - Saving file for id 61 name "target/616. reaction wheel anguar velocity - BODY (ProportionalNonLinearQuaternionFullSDREHInfinityController).png"...
09:54:54.153 [main] INFO br.inpe.cmc202.simulation.plotter.Plotter 2017-06-01T00:59:59.950 - Saving file for id 61 name "target/617. reaction wheel norm angular momentum - BODY (ProportionalNonLinearQuaternionFullSDREHInfinityController).png"...
09:54:58.258 [main] INFO br.inpe.cmc202.simulation.plotter.Plotter 2017-06-01T00:59:59.950 - Saving file for id 61 name "target/618. magnetic Vector - BODY.png"...
09:55:02.390 [main] INFO br.inpe.cmc202.simulation.plotter.Plotter 2017-06-01T00:59:59.950 - Saving file for id 61 name "target/619. normMagneticVector -  BODY.png"...
09:55:06.504 [main] INFO br.inpe.cmc202.simulation.plotter.Plotter 2017-06-01T00:59:59.950 - Saving file for id 61 name "target/6112. euler angles - ECI.png"...
09:55:10.640 [main] INFO br.inpe.cmc202.simulation.plotter.Plotter 2017-06-01T00:59:59.950 - Saving file for id 61 name "target/6113. euler angles - ECEF.png"...
09:55:14.761 [main] INFO br.inpe.cmc202.simulation.plotter.Plotter 2017-06-01T00:59:59.950 - Saving file for id 61 name "target/6114. position - ECI.png"...
09:55:18.974 [main] INFO br.inpe.cmc202.simulation.plotter.Plotter 2017-06-01T00:59:59.950 - Saving file for id 61 name "target/6115. position - ECEF.png"...
09:55:23.121 [main] INFO br.inpe.cmc202.simulation.plotter.Plotter 2017-06-01T00:59:59.950 - Saving file for id 61 name "target/6116. position - LLALongitudeLatitude.png"...
09:55:27.237 [main] INFO br.inpe.cmc202.simulation.plotter.Plotter 2017-06-01T00:59:59.950 - Saving file for id 61 name "target/6116. position - LLAAltitude.png"...
09:55:31.350 [main] INFO br.inpe.cmc202.simulation.plotter.Plotter 2017-06-01T00:59:59.950 - Saving file for id 61 name "target/6117. rotational part of kinetic energy - BODY.png"...
09:55:35.471 [main] INFO br.inpe.cmc202.simulation.plotter.Plotter 2017-06-01T00:59:59.950 - Saving file for id 61 name "target/6118. quaternion (ProportionalNonLinearQuaternionFullSDREHInfinityController).png"...
09:55:39.610 [main] INFO br.inpe.cmc202.simulation.plotter.Plotter 2017-06-01T00:59:59.950 - Saving file for id 61 name "target/6119. quaternion error (ProportionalNonLinearQuaternionFullSDREHInfinityController).png"...
09:55:43.740 [main] INFO br.inpe.cmc202.simulation.plotter.Plotter 2017-06-01T00:59:59.950 - Saving file for id 61 name "target/6120. sun pointing error - BODY (ProportionalNonLinearQuaternionFullSDREHInfinityController).png"...
09:55:47.859 [main] INFO br.inpe.cmc202.simulation.plotter.Plotter 2017-06-01T00:59:59.950 - Saving file for id 61 name "target/6121. determinant of controllability (ProportionalNonLinearQuaternionFullSDREHInfinityController).png"...
09:55:51.977 [main] INFO br.inpe.cmc202.simulation.plotter.Plotter 2017-06-01T00:59:59.950 - Saving file for id 61 name "target/6122. state space quaternion - BODY.png"...
09:55:56.121 [main] INFO br.inpe.cmc202.simulation.plotter.Plotter 2017-06-01T00:59:59.950 - Saving file for id 61 name "target/6123. state space velocity - BODY.png"...
09:56:00.259 [main] INFO br.inpe.cmc202.simulation.plotter.Plotter 2017-06-01T00:59:59.950 - Saving file for id 61 name "target/6124. condition number of controllability (ProportionalNonLinearQuaternionFullSDREHInfinityController).png"...
09:56:04.383 [main] INFO br.inpe.cmc202.simulation.plotter.Plotter 2017-06-01T00:59:59.950 - Saving file for id 61 name "target/6125. gamma (ProportionalNonLinearQuaternionFullSDREHInfinityController).png"...
09:56:08.493 [main] INFO br.inpe.cmc202.simulation.plotter.Plotter 2017-06-01T00:59:59.950 - Saving file for id 61 name "target/6126. external Torque.png"...
