09:45:50.238 [main] INFO br.inpe.cmc202.simulation.SimulationController  - **********************************
09:45:50.240 [main] INFO br.inpe.cmc202.simulation.SimulationController  - Satellite Simulation 
09:45:50.240 [main] INFO br.inpe.cmc202.simulation.SimulationController  - **********************************
09:45:50.240 [main] INFO br.inpe.cmc202.simulation.SimulationController  - Loading configuration...
09:45:50.241 [main] INFO br.inpe.cmc202.simulation.SimulationController  - Reading "simulationcontroller.properties"...
09:45:50.242 [main] INFO br.inpe.cmc202.simulation.SimulationController  - Reading "amazonia1.properties"...
09:45:50.244 [main] INFO br.inpe.cmc202.simulation.SimulationController  - Configuration loaded.
09:45:50.246 [main] INFO br.inpe.cmc202.simulation.SimulationController  - Configuring simulation...
09:45:50.443 [main] INFO br.inpe.cmc202.simulation.SimulationController  - Orbit: keplerian parameters: {a: 7130092.0; e: 0.001111; i: 98.405; pa: 98.405; raan: 227.088; v: 304.8956296758786;}
09:45:50.443 [main] INFO br.inpe.cmc202.simulation.SimulationController  - MeanMotion: 0.001048639438789967 radians/s
09:45:50.444 [main] INFO br.inpe.cmc202.simulation.SimulationController  - Period: 5991.749952137793 s
09:45:50.444 [main] INFO br.inpe.cmc202.simulation.SimulationController  - Simulation Time: 3600.0 s (60.08261407363232 % of the orbit period)
09:45:50.445 [main] INFO br.inpe.cmc202.simulation.SimulationController  - Start Time: 2017-06-01T00:00:00.000 
09:45:50.445 [main] INFO br.inpe.cmc202.simulation.SimulationController  - End Time: 2017-06-01T01:00:00.000 
09:45:50.445 [main] INFO br.inpe.cmc202.simulation.SimulationController  - Fixed simulation step: 0.05 s
09:45:50.449 [main] INFO br.inpe.cmc202.simulation.SimulationController  - Satellite Configuration: Satellite [
 setOfMagnetorquer=null,
 setOfReactionWheels=br.inpe.cmc202.satellite.actuators.SetOfReactionWheels@38089a5a,
 controller=br.inpe.cmc202.satellite.controllers.lqr.ProportionalLinearQuaternionPartialLQRController@30e868be,
 setOfMagnetorquerController=null,
 angularVelocityReference_body={0; 0; 0},
 sunReference_body={1; 0; 0},
 externalTorquesMagnitude=0.0,
 alpha1=0.0,
 modeUsingAttitude=true,
 reactionWheelControllerName=ProportionalLinearQuaternionPartialLQRController
, reactionWheelHardNonlinearities=true]
09:45:50.449 [main] INFO br.inpe.cmc202.simulation.SimulationController  - Initial Attitude - Euler Angles: X 0.0 Y -0.0 Z 0.0 
09:45:50.449 [main] INFO br.inpe.cmc202.simulation.SimulationController  - Initial Attitude - Quaternions: Q1 0.0 Q2 0.0 Q3 0.0 Q4 1.0 
09:45:50.449 [main] INFO br.inpe.cmc202.simulation.SimulationController  - Initial Attitude - Velocity (rad/s): X 0.0 Y 0.0 Z 0.0385
09:45:50.449 [main] INFO br.inpe.cmc202.simulation.SimulationController  - Initial Attitude - Acceleration (rad/s^2): X 0.0 Y 0.0 Z 0.0
09:45:50.450 [main] INFO br.inpe.cmc202.simulation.SimulationController  - Simulation configured.
09:45:50.461 [main] INFO br.inpe.cmc202.satellite.Satellite  - Target quaternion defined - - Q1 0.0 Q2 -0.23138580589915403 Q3 0.5337627277163104 Q4 0.8133621329575424  
09:45:50.500 [main] INFO br.inpe.cmc202.simulation.StepHandler  - Running the simulation...
09:45:54.505 [main] INFO br.inpe.cmc202.simulation.StepHandler 2017-06-01T00:59:59.950 - 
09:45:54.505 [main] INFO br.inpe.cmc202.simulation.StepHandler 2017-06-01T00:59:59.950 - Simulation ran in 4 s.
09:45:54.505 [main] INFO br.inpe.cmc202.simulation.StepHandler 2017-06-01T00:59:59.950 - Ploting data...
09:45:56.864 [main] INFO br.inpe.cmc202.simulation.plotter.Plotter 2017-06-01T00:59:59.950 - Saving file for id 701 name "target/7011. true anomaly - ECI.png"...
09:46:01.125 [main] INFO br.inpe.cmc202.simulation.plotter.Plotter 2017-06-01T00:59:59.950 - Saving file for id 701 name "target/7012. angular velocity - Body ECI, ECI (ProportionalLinearQuaternionPartialLQRController).png"...
09:46:05.309 [main] INFO br.inpe.cmc202.simulation.plotter.Plotter 2017-06-01T00:59:59.950 - Saving file for id 701 name "target/7013. solar vector - BODY (ProportionalLinearQuaternionPartialLQRController).png"...
09:46:09.455 [main] INFO br.inpe.cmc202.simulation.plotter.Plotter 2017-06-01T00:59:59.950 - Saving file for id 701 name "target/7014. error solar vector - BODY (ProportionalLinearQuaternionPartialLQRController).png"...
09:46:13.588 [main] INFO br.inpe.cmc202.simulation.plotter.Plotter 2017-06-01T00:59:59.950 - Saving file for id 701 name "target/7015. reaction wheel torque - BODY (ProportionalLinearQuaternionPartialLQRController).png"...
09:46:17.703 [main] INFO br.inpe.cmc202.simulation.plotter.Plotter 2017-06-01T00:59:59.950 - Saving file for id 701 name "target/7016. reaction wheel anguar velocity - BODY (ProportionalLinearQuaternionPartialLQRController).png"...
09:46:21.823 [main] INFO br.inpe.cmc202.simulation.plotter.Plotter 2017-06-01T00:59:59.950 - Saving file for id 701 name "target/7017. reaction wheel norm angular momentum - BODY (ProportionalLinearQuaternionPartialLQRController).png"...
09:46:25.935 [main] INFO br.inpe.cmc202.simulation.plotter.Plotter 2017-06-01T00:59:59.950 - Saving file for id 701 name "target/7018. magnetic Vector - BODY.png"...
09:46:30.060 [main] INFO br.inpe.cmc202.simulation.plotter.Plotter 2017-06-01T00:59:59.950 - Saving file for id 701 name "target/7019. normMagneticVector -  BODY.png"...
09:46:34.166 [main] INFO br.inpe.cmc202.simulation.plotter.Plotter 2017-06-01T00:59:59.950 - Saving file for id 701 name "target/70112. euler angles - ECI.png"...
09:46:38.287 [main] INFO br.inpe.cmc202.simulation.plotter.Plotter 2017-06-01T00:59:59.950 - Saving file for id 701 name "target/70113. euler angles - ECEF.png"...
09:46:42.423 [main] INFO br.inpe.cmc202.simulation.plotter.Plotter 2017-06-01T00:59:59.950 - Saving file for id 701 name "target/70114. position - ECI.png"...
09:46:46.652 [main] INFO br.inpe.cmc202.simulation.plotter.Plotter 2017-06-01T00:59:59.950 - Saving file for id 701 name "target/70115. position - ECEF.png"...
09:46:50.795 [main] INFO br.inpe.cmc202.simulation.plotter.Plotter 2017-06-01T00:59:59.950 - Saving file for id 701 name "target/70116. position - LLALongitudeLatitude.png"...
09:46:54.921 [main] INFO br.inpe.cmc202.simulation.plotter.Plotter 2017-06-01T00:59:59.950 - Saving file for id 701 name "target/70116. position - LLAAltitude.png"...
09:46:59.039 [main] INFO br.inpe.cmc202.simulation.plotter.Plotter 2017-06-01T00:59:59.950 - Saving file for id 701 name "target/70117. rotational part of kinetic energy - BODY.png"...
09:47:03.164 [main] INFO br.inpe.cmc202.simulation.plotter.Plotter 2017-06-01T00:59:59.950 - Saving file for id 701 name "target/70118. quaternion (ProportionalLinearQuaternionPartialLQRController).png"...
09:47:07.327 [main] INFO br.inpe.cmc202.simulation.plotter.Plotter 2017-06-01T00:59:59.950 - Saving file for id 701 name "target/70119. quaternion error (ProportionalLinearQuaternionPartialLQRController).png"...
09:47:11.455 [main] INFO br.inpe.cmc202.simulation.plotter.Plotter 2017-06-01T00:59:59.950 - Saving file for id 701 name "target/70120. sun pointing error - BODY (ProportionalLinearQuaternionPartialLQRController).png"...
09:47:15.580 [main] INFO br.inpe.cmc202.simulation.plotter.Plotter 2017-06-01T00:59:59.950 - Saving file for id 701 name "target/70121. determinant of controllability (ProportionalLinearQuaternionPartialLQRController).png"...
09:47:19.694 [main] INFO br.inpe.cmc202.simulation.plotter.Plotter 2017-06-01T00:59:59.950 - Saving file for id 701 name "target/70122. state space quaternion - BODY.png"...
09:47:23.825 [main] INFO br.inpe.cmc202.simulation.plotter.Plotter 2017-06-01T00:59:59.950 - Saving file for id 701 name "target/70123. state space velocity - BODY.png"...
09:47:27.958 [main] INFO br.inpe.cmc202.simulation.plotter.Plotter 2017-06-01T00:59:59.950 - Saving file for id 701 name "target/70124. condition number of controllability (ProportionalLinearQuaternionPartialLQRController).png"...
09:47:32.066 [main] INFO br.inpe.cmc202.simulation.plotter.Plotter 2017-06-01T00:59:59.950 - Saving file for id 701 name "target/70125. gamma (ProportionalLinearQuaternionPartialLQRController).png"...
09:47:36.195 [main] INFO br.inpe.cmc202.simulation.plotter.Plotter 2017-06-01T00:59:59.950 - Saving file for id 701 name "target/70126. external Torque.png"...
09:47:50.300 [main] INFO br.inpe.cmc202.simulation.StepHandler 2017-06-01T00:59:59.950 - Starting satellite attitude visualizer...
09:47:50.327 [main] ERROR br.inpe.cmc202.simulation.StepHandler 2017-06-01T00:59:59.950 - It is not possible to start the satellite visualizer without Java 3D. Message: 
09:47:50.327 [main] INFO br.inpe.cmc202.simulation.StepHandler 2017-06-01T00:59:59.950 - Possible solutions: 
 
1. Download Java 3D library 1.3.1 or latter http://www.oracle.com/technetwork/java/javasebusiness/downloads/java-archive-downloads-java-client-419417.html#java3d-1.5.1-oth-JPR
2. Merge bin and lib directories http://stackoverflow.com/questions/7966067/java-howto-resolve-java-lang-unsatisfiedlinkerror-no-j3d-in-java-library-pathno J3D in java.library.path: /Users/alessandro.g.romero/Library/Java/Extensions:/Library/Java/Extensions:/Network/Library/Java/Extensions:/System/Library/Java/Extensions:/usr/lib/java:.
