09:39:38.029 [main] INFO br.inpe.cmc202.simulation.SimulationController  - **********************************
09:39:38.031 [main] INFO br.inpe.cmc202.simulation.SimulationController  - Satellite Simulation 
09:39:38.031 [main] INFO br.inpe.cmc202.simulation.SimulationController  - **********************************
09:39:38.032 [main] INFO br.inpe.cmc202.simulation.SimulationController  - Loading configuration...
09:39:38.032 [main] INFO br.inpe.cmc202.simulation.SimulationController  - Reading "simulationcontroller.properties"...
09:39:38.033 [main] INFO br.inpe.cmc202.simulation.SimulationController  - Reading "amazonia1.properties"...
09:39:38.033 [main] INFO br.inpe.cmc202.simulation.SimulationController  - Configuration loaded.
09:39:38.034 [main] INFO br.inpe.cmc202.simulation.SimulationController  - Configuring simulation...
09:39:38.142 [main] INFO br.inpe.cmc202.simulation.SimulationController  - Orbit: keplerian parameters: {a: 7130092.0; e: 0.001111; i: 98.405; pa: 98.405; raan: 227.088; v: 304.8956296758786;}
09:39:38.142 [main] INFO br.inpe.cmc202.simulation.SimulationController  - MeanMotion: 0.001048639438789967 radians/s
09:39:38.142 [main] INFO br.inpe.cmc202.simulation.SimulationController  - Period: 5991.749952137793 s
09:39:38.142 [main] INFO br.inpe.cmc202.simulation.SimulationController  - Simulation Time: 3600.0 s (60.08261407363232 % of the orbit period)
09:39:38.143 [main] INFO br.inpe.cmc202.simulation.SimulationController  - Start Time: 2017-06-01T00:00:00.000 
09:39:38.144 [main] INFO br.inpe.cmc202.simulation.SimulationController  - End Time: 2017-06-01T01:00:00.000 
09:39:38.144 [main] INFO br.inpe.cmc202.simulation.SimulationController  - Fixed simulation step: 0.05 s
09:39:38.146 [main] INFO br.inpe.cmc202.simulation.SimulationController  - Satellite Configuration: Satellite [
 setOfMagnetorquer=null,
 setOfReactionWheels=br.inpe.cmc202.satellite.actuators.SetOfReactionWheels@66c61024,
 controller=ProportionalNonLinearQuaternionSDREController [kinematicsDefinition=GIBBS, Q_sqrt=Array2DRowRealMatrix{{1.0,0.0,0.0,0.0,0.0,0.0,0.0},{0.0,1.0,0.0,0.0,0.0,0.0,0.0},{0.0,0.0,1.0,0.0,0.0,0.0,0.0},{0.0,0.0,0.0,1.0,0.0,0.0,0.0},{0.0,0.0,0.0,0.0,1.0,0.0,0.0},{0.0,0.0,0.0,0.0,0.0,1.0,0.0},{0.0,0.0,0.0,0.0,0.0,0.0,1.0}}],
 setOfMagnetorquerController=null,
 angularVelocityReference_body={0; 0; 0},
 sunReference_body={1; 0; 0},
 externalTorquesMagnitude=0.0,
 alpha1=0.0,
 modeUsingAttitude=true,
 reactionWheelControllerName=ProportionalNonLinearQuaternionSDREController_GIBBS
, reactionWheelHardNonlinearities=true]
09:39:38.146 [main] INFO br.inpe.cmc202.simulation.SimulationController  - Initial Attitude - Euler Angles: X 0.0 Y -0.0 Z 0.0 
09:39:38.147 [main] INFO br.inpe.cmc202.simulation.SimulationController  - Initial Attitude - Quaternions: Q1 0.0 Q2 0.0 Q3 0.0 Q4 1.0 
09:39:38.147 [main] INFO br.inpe.cmc202.simulation.SimulationController  - Initial Attitude - Velocity (rad/s): X 0.0 Y 0.0 Z 0.0385
09:39:38.147 [main] INFO br.inpe.cmc202.simulation.SimulationController  - Initial Attitude - Acceleration (rad/s^2): X 0.0 Y 0.0 Z 0.0
09:39:38.147 [main] INFO br.inpe.cmc202.simulation.SimulationController  - Simulation configured.
09:39:38.162 [main] INFO br.inpe.cmc202.satellite.Satellite  - Target quaternion defined - - Q1 0.0 Q2 -0.23138580589915403 Q3 0.5337627277163104 Q4 0.8133621329575424  
09:39:38.207 [main] INFO br.inpe.cmc202.simulation.StepHandler  - Running the simulation...
09:41:30.835 [main] INFO br.inpe.cmc202.simulation.StepHandler 2017-06-01T00:59:59.950 - 
09:41:30.841 [main] INFO br.inpe.cmc202.simulation.StepHandler 2017-06-01T00:59:59.950 - Simulation ran in 112 s.
09:41:30.841 [main] INFO br.inpe.cmc202.simulation.StepHandler 2017-06-01T00:59:59.950 - Ploting data...
09:41:33.739 [main] INFO br.inpe.cmc202.simulation.plotter.Plotter 2017-06-01T00:59:59.950 - Saving file for id 754 name "target/7541. true anomaly - ECI.png"...
09:41:37.959 [main] INFO br.inpe.cmc202.simulation.plotter.Plotter 2017-06-01T00:59:59.950 - Saving file for id 754 name "target/7542. angular velocity - Body ECI, ECI (ProportionalNonLinearQuaternionFullSDREController).png"...
09:41:42.126 [main] INFO br.inpe.cmc202.simulation.plotter.Plotter 2017-06-01T00:59:59.950 - Saving file for id 754 name "target/7543. solar vector - BODY (ProportionalNonLinearQuaternionFullSDREController).png"...
09:41:46.260 [main] INFO br.inpe.cmc202.simulation.plotter.Plotter 2017-06-01T00:59:59.950 - Saving file for id 754 name "target/7544. error solar vector - BODY (ProportionalNonLinearQuaternionFullSDREController).png"...
09:41:50.383 [main] INFO br.inpe.cmc202.simulation.plotter.Plotter 2017-06-01T00:59:59.950 - Saving file for id 754 name "target/7545. reaction wheel torque - BODY (ProportionalNonLinearQuaternionFullSDREController).png"...
09:41:54.510 [main] INFO br.inpe.cmc202.simulation.plotter.Plotter 2017-06-01T00:59:59.950 - Saving file for id 754 name "target/7546. reaction wheel anguar velocity - BODY (ProportionalNonLinearQuaternionFullSDREController).png"...
09:41:58.623 [main] INFO br.inpe.cmc202.simulation.plotter.Plotter 2017-06-01T00:59:59.950 - Saving file for id 754 name "target/7547. reaction wheel norm angular momentum - BODY (ProportionalNonLinearQuaternionFullSDREController).png"...
09:42:02.732 [main] INFO br.inpe.cmc202.simulation.plotter.Plotter 2017-06-01T00:59:59.950 - Saving file for id 754 name "target/7548. magnetic Vector - BODY.png"...
09:42:06.876 [main] INFO br.inpe.cmc202.simulation.plotter.Plotter 2017-06-01T00:59:59.950 - Saving file for id 754 name "target/7549. normMagneticVector -  BODY.png"...
09:42:11.072 [main] INFO br.inpe.cmc202.simulation.plotter.Plotter 2017-06-01T00:59:59.950 - Saving file for id 754 name "target/75412. euler angles - ECI.png"...
09:42:15.188 [main] INFO br.inpe.cmc202.simulation.plotter.Plotter 2017-06-01T00:59:59.950 - Saving file for id 754 name "target/75413. euler angles - ECEF.png"...
09:42:19.311 [main] INFO br.inpe.cmc202.simulation.plotter.Plotter 2017-06-01T00:59:59.950 - Saving file for id 754 name "target/75414. position - ECI.png"...
09:42:23.488 [main] INFO br.inpe.cmc202.simulation.plotter.Plotter 2017-06-01T00:59:59.950 - Saving file for id 754 name "target/75415. position - ECEF.png"...
09:42:27.661 [main] INFO br.inpe.cmc202.simulation.plotter.Plotter 2017-06-01T00:59:59.950 - Saving file for id 754 name "target/75416. position - LLALongitudeLatitude.png"...
09:42:31.776 [main] INFO br.inpe.cmc202.simulation.plotter.Plotter 2017-06-01T00:59:59.950 - Saving file for id 754 name "target/75416. position - LLAAltitude.png"...
09:42:35.886 [main] INFO br.inpe.cmc202.simulation.plotter.Plotter 2017-06-01T00:59:59.950 - Saving file for id 754 name "target/75417. rotational part of kinetic energy - BODY.png"...
09:42:40.013 [main] INFO br.inpe.cmc202.simulation.plotter.Plotter 2017-06-01T00:59:59.950 - Saving file for id 754 name "target/75418. quaternion (ProportionalNonLinearQuaternionFullSDREController).png"...
09:42:44.120 [main] INFO br.inpe.cmc202.simulation.plotter.Plotter 2017-06-01T00:59:59.950 - Saving file for id 754 name "target/75419. quaternion error (ProportionalNonLinearQuaternionFullSDREController).png"...
09:42:48.237 [main] INFO br.inpe.cmc202.simulation.plotter.Plotter 2017-06-01T00:59:59.950 - Saving file for id 754 name "target/75420. sun pointing error - BODY (ProportionalNonLinearQuaternionFullSDREController).png"...
09:42:52.332 [main] INFO br.inpe.cmc202.simulation.plotter.Plotter 2017-06-01T00:59:59.950 - Saving file for id 754 name "target/75421. determinant of controllability (ProportionalNonLinearQuaternionFullSDREController).png"...
09:42:56.435 [main] INFO br.inpe.cmc202.simulation.plotter.Plotter 2017-06-01T00:59:59.950 - Saving file for id 754 name "target/75422. state space quaternion - BODY.png"...
09:43:00.573 [main] INFO br.inpe.cmc202.simulation.plotter.Plotter 2017-06-01T00:59:59.950 - Saving file for id 754 name "target/75423. state space velocity - BODY.png"...
09:43:04.701 [main] INFO br.inpe.cmc202.simulation.plotter.Plotter 2017-06-01T00:59:59.950 - Saving file for id 754 name "target/75424. condition number of controllability (ProportionalNonLinearQuaternionFullSDREController).png"...
09:43:08.805 [main] INFO br.inpe.cmc202.simulation.plotter.Plotter 2017-06-01T00:59:59.950 - Saving file for id 754 name "target/75425. gamma (ProportionalNonLinearQuaternionFullSDREController).png"...
09:43:12.934 [main] INFO br.inpe.cmc202.simulation.plotter.Plotter 2017-06-01T00:59:59.950 - Saving file for id 754 name "target/75426. external Torque.png"...
09:43:27.035 [main] INFO br.inpe.cmc202.simulation.StepHandler 2017-06-01T00:59:59.950 - Starting satellite attitude visualizer...
09:43:27.064 [main] ERROR br.inpe.cmc202.simulation.StepHandler 2017-06-01T00:59:59.950 - It is not possible to start the satellite visualizer without Java 3D. Message: 
09:43:27.064 [main] INFO br.inpe.cmc202.simulation.StepHandler 2017-06-01T00:59:59.950 - Possible solutions: 
 
1. Download Java 3D library 1.3.1 or latter http://www.oracle.com/technetwork/java/javasebusiness/downloads/java-archive-downloads-java-client-419417.html#java3d-1.5.1-oth-JPR
2. Merge bin and lib directories http://stackoverflow.com/questions/7966067/java-howto-resolve-java-lang-unsatisfiedlinkerror-no-j3d-in-java-library-pathno J3D in java.library.path: /Users/alessandro.g.romero/Library/Java/Extensions:/Library/Java/Extensions:/Network/Library/Java/Extensions:/System/Library/Java/Extensions:/usr/lib/java:.
